0.2974 	WARNING 	Speech-to-text recognition module for PocketSphinx is not available (use command `pip install SpeechRecognition` to get it). Transcription will be unavailable using that service this session.
0.2975 	WARNING 	Speech-to-text recognition using Google online services is not available (use command `pip install google-api-core google-auth google-cloud google-cloud-speech googleapis-common-protos` to get it). Transcription will be unavailable using that service this session.
0.4467 	WARNING 	We strongly recommend you activate the PTB sound engine in PsychoPy prefs as the preferred audio engine. Its timing is vastly superior. Your prefs are currently set to use ['sounddevice', 'PTB', 'pyo', 'pygame'] (in that order).
2.8997 	WARNING 	User requested fullscreen with size [1440  900], but screen is actually [2560, 1440]. Using actual size
3.4276 	EXP 	Created window1 = Window(allowGUI=True, allowStencil=False, autoLog=True, backendConf=UNKNOWN, bitsMode=UNKNOWN, blendMode='avg', bpc=(8, 8, 8), color=array([0, 0, 0]), colorSpace='rgb', depthBits=8, fullscr=<method-wrapper '__getattribute__' of attributeSetter object at 0x7f92bcf351f0>, gamma=None, gammaErrorPolicy='raise', lms=UNKNOWN, monitor=<psychopy.monitors.calibTools.Monitor object at 0x7f92b795e460>, multiSample=False, name='window1', numSamples=2, pos=[0.0, 0.0], screen=0, size=array([2560, 1440]), stencilBits=0, stereo=False, units='height', useFBO=True, useRetina=False, viewOri=0.0, viewPos=None, viewScale=None, waitBlanking=True, winType='pyglet')
3.4278 	EXP 	window1: mouseVisible = True
3.4300 	EXP 	window1: mouseVisible = False
3.4300 	EXP 	window1: Attempting to measure frame rate of screen (0) ...
3.4300 	EXP 	window1: recordFrameIntervals = False
3.5927 	EXP 	window1: recordFrameIntervals = True
3.7766 	EXP 	Screen (0) actual frame rate measured at 60.13Hz
3.7766 	EXP 	window1: recordFrameIntervals = False
3.8416 	EXP 	Created text_inst = TextStim(__class__=<class 'psychopy.visual.text.TextStim'>, alignHoriz=method-wrapper(...), alignText='center', alignVert=method-wrapper(...), anchorHoriz='center', anchorVert='center', antialias=True, autoDraw=False, autoLog=True, bold=False, color=array([1, 1, 1]), colorSpace='rgb', contrast=1.0, depth=0.0, flipHoriz=False, flipVert=False, font='Open Sans', fontFiles=[], height=0.05, italic=False, languageStyle='LTR', name='text_inst', opacity=1.0, ori=0.0, pos=array([0., 0.]), rgb=UNKNOWN, text=str(...), units='height', win=Window(...), wrapWidth=1)
3.8446 	EXP 	Created fixate_middle = TextStim(__class__=<class 'psychopy.visual.text.TextStim'>, alignHoriz=method-wrapper(...), alignText='center', alignVert=method-wrapper(...), anchorHoriz='center', anchorVert='center', antialias=True, autoDraw=False, autoLog=True, bold=False, color=array([1, 1, 1]), colorSpace='rgb', contrast=1.0, depth=0.0, flipHoriz=False, flipVert=False, font='Open Sans', fontFiles=[], height=0.1, italic=False, languageStyle='LTR', name='fixate_middle', opacity=1.0, ori=0.0, pos=array([0., 0.]), rgb=UNKNOWN, text='+', units='height', win=Window(...), wrapWidth=1)
3.8452 	EXP 	Created text = TextStim(__class__=<class 'psychopy.visual.text.TextStim'>, alignHoriz=method-wrapper(...), alignText='center', alignVert=method-wrapper(...), anchorHoriz='center', anchorVert='center', antialias=True, autoDraw=False, autoLog=True, bold=False, color=array([1, 1, 1]), colorSpace='rgb', contrast=1.0, depth=-1.0, flipHoriz=False, flipVert=False, font='Open Sans', fontFiles=[], height=0.05, italic=False, languageStyle='LTR', name='text', opacity=1.0, ori=0.0, pos=array([0., 0.]), rgb=UNKNOWN, text='', units='height', win=Window(...), wrapWidth=1)
3.8651 	EXP 	Created Goal_reached = TextStim(__class__=<class 'psychopy.visual.text.TextStim'>, alignHoriz=method-wrapper(...), alignText='center', alignVert=method-wrapper(...), anchorHoriz='center', anchorVert='center', antialias=True, autoDraw=False, autoLog=True, bold=False, color=array([1, 1, 1]), colorSpace='rgb', contrast=1.0, depth=0.0, flipHoriz=False, flipVert=False, font='Open Sans', fontFiles=[], height=0.05, italic=False, languageStyle='LTR', name='Goal_reached', opacity=1.0, ori=0.0, pos=array([0., 0.]), rgb=UNKNOWN, text=str(...), units='height', win=Window(...), wrapWidth=1)
3.8728 	EXP 	Created text_mid = TextStim(__class__=<class 'psychopy.visual.text.TextStim'>, alignHoriz=method-wrapper(...), alignText='center', alignVert=method-wrapper(...), anchorHoriz='center', anchorVert='center', antialias=True, autoDraw=False, autoLog=True, bold=False, color=array([1, 1, 1]), colorSpace='rgb', contrast=1.0, depth=0.0, flipHoriz=False, flipVert=False, font='Open Sans', fontFiles=[], height=0.05, italic=False, languageStyle='LTR', name='text_mid', opacity=1.0, ori=0.0, pos=array([0., 0.]), rgb=UNKNOWN, text=str(...), units='height', win=Window(...), wrapWidth=1)
3.8749 	EXP 	Created fixate_middle = TextStim(__class__=<class 'psychopy.visual.text.TextStim'>, alignHoriz=method-wrapper(...), alignText='center', alignVert=method-wrapper(...), anchorHoriz='center', anchorVert='center', antialias=True, autoDraw=False, autoLog=True, bold=False, color=array([1, 1, 1]), colorSpace='rgb', contrast=1.0, depth=0.0, flipHoriz=False, flipVert=False, font='Open Sans', fontFiles=[], height=0.1, italic=False, languageStyle='LTR', name='fixate_middle', opacity=1.0, ori=0.0, pos=array([0., 0.]), rgb=UNKNOWN, text='+', units='height', win=Window(...), wrapWidth=1)
3.8758 	EXP 	Created text = TextStim(__class__=<class 'psychopy.visual.text.TextStim'>, alignHoriz=method-wrapper(...), alignText='center', alignVert=method-wrapper(...), anchorHoriz='center', anchorVert='center', antialias=True, autoDraw=False, autoLog=True, bold=False, color=array([1, 1, 1]), colorSpace='rgb', contrast=1.0, depth=-1.0, flipHoriz=False, flipVert=False, font='Open Sans', fontFiles=[], height=0.05, italic=False, languageStyle='LTR', name='text', opacity=1.0, ori=0.0, pos=array([0., 0.]), rgb=UNKNOWN, text='', units='height', win=Window(...), wrapWidth=1)
3.8799 	EXP 	Created image = ImageStim(__class__=<class 'psychopy.visual.image.ImageStim'>, anchor=('center', 'center'), autoLog=True, color=array([1, 1, 1]), colorSpace='rgb', contrast=1.0, depth=0.0, flipHoriz=False, flipVert=False, image='sin', interpolate=True, mask=None, maskParams=None, name='image', opacity=1.0, ori=0.0, pos=array([0., 0.]), size=array([0.5, 0.5]), texRes=128.0, units='height', win=Window(...))
3.8828 	EXP 	Created Question = TextStim(__class__=<class 'psychopy.visual.text.TextStim'>, alignHoriz=method-wrapper(...), alignText='center', alignVert=method-wrapper(...), anchorHoriz='center', anchorVert='center', antialias=True, autoDraw=False, autoLog=True, bold=False, color=array([1, 1, 1]), colorSpace='rgb', contrast=1.0, depth=0.0, flipHoriz=False, flipVert=False, font='Open Sans', fontFiles=[], height=0.05, italic=False, languageStyle='LTR', name='Question', opacity=1.0, ori=0.0, pos=array([0., 0.]), rgb=UNKNOWN, text=str(...), units='height', win=Window(...), wrapWidth=1)
3.8925 	EXP 	Created text_confidence = TextStim(__class__=<class 'psychopy.visual.text.TextStim'>, alignHoriz=method-wrapper(...), alignText='center', alignVert=method-wrapper(...), anchorHoriz='center', anchorVert='center', antialias=True, autoDraw=False, autoLog=True, bold=False, color=array([1, 1, 1]), colorSpace='rgb', contrast=1.0, depth=0.0, flipHoriz=False, flipVert=False, font='Open Sans', fontFiles=[], height=0.05, italic=False, languageStyle='LTR', name='text_confidence', opacity=1.0, ori=0.0, pos=array([0., 0.]), rgb=UNKNOWN, text=str(...), units='height', win=Window(...), wrapWidth=1)
3.8973 	EXP 	Created text_thanks = TextStim(__class__=<class 'psychopy.visual.text.TextStim'>, alignHoriz=method-wrapper(...), alignText='center', alignVert=method-wrapper(...), anchorHoriz='center', anchorVert='center', antialias=True, autoDraw=False, autoLog=True, bold=False, color=array([1, 1, 1]), colorSpace='rgb', contrast=1.0, depth=0.0, flipHoriz=False, flipVert=False, font='Open Sans', fontFiles=[], height=0.05, italic=False, languageStyle='LTR', name='text_thanks', opacity=1.0, ori=0.0, pos=array([0., 0.]), rgb=UNKNOWN, text=str(...), units='height', win=Window(...), wrapWidth=1)
3.9074 	EXP 	text_inst: autoDraw = True
4.9512 	EXP 	Imported vpr_stimuli1.xlsx as conditions, 10 conditions, 9 params
4.9516 	EXP 	Created sequence: sequential, trialTypes=10, nReps=1, seed=None
4.9518 	EXP 	New trial (rep=0, index=0): {'number': 101, 'id': 432, 'video': '../recordings/100/vid.mp4', 'img': None, 'match': 0, 'NOTES': 'new, old', 'debug': 'mismatch', 'type': 'practice', 'note': "PRACTICE: These are 'different' places"}
4.9525 	DATA 	Keypress: space
4.9614 	EXP 	text_inst: autoDraw = False
4.9614 	EXP 	text: autoDraw = True
5.3800 	EXP 	fixate_middle: autoDraw = True
5.4635 	EXP 	text: autoDraw = False
5.9670 	EXP 	fixate_middle: autoDraw = False
5.9670 	EXP 	fixate_middle: autoDraw = False
5.9670 	EXP 	text: autoDraw = False
14.8717 	EXP 	Goal_reached: autoDraw = True
16.3058 	EXP 	New trial (rep=0, index=1): {'number': 102, 'id': 52, 'video': '../recordings/150/vid.mp4', 'img': None, 'match': 1, 'NOTES': 'new, old', 'debug': 'match', 'type': 'practice', 'note': "PRACTICE: These are the 'same' place"}
16.3126 	DATA 	Keypress: y
16.3200 	EXP 	Goal_reached: autoDraw = False
16.3200 	EXP 	text: autoDraw = True
16.8046 	EXP 	fixate_middle: autoDraw = True
16.8204 	EXP 	text: autoDraw = False
17.3554 	EXP 	fixate_middle: autoDraw = False
17.3554 	EXP 	fixate_middle: autoDraw = False
17.3554 	EXP 	text: autoDraw = False
26.3591 	EXP 	Goal_reached: autoDraw = True
27.8831 	EXP 	New trial (rep=0, index=2): {'number': None, 'id': None, 'video': '../recordings/200/vid.mp4', 'img': None, 'match': None, 'NOTES': None, 'debug': None, 'type': None, 'note': None}
27.8888 	DATA 	Keypress: n
27.8984 	EXP 	Goal_reached: autoDraw = False
27.8984 	EXP 	text: autoDraw = True
28.3828 	EXP 	fixate_middle: autoDraw = True
28.3995 	EXP 	text: autoDraw = False
28.9470 	EXP 	fixate_middle: autoDraw = False
28.9470 	EXP 	fixate_middle: autoDraw = False
28.9470 	EXP 	text: autoDraw = False
37.8879 	EXP 	Goal_reached: autoDraw = True
38.7311 	DATA 	Keypress: y
38.7398 	EXP 	New trial (rep=0, index=3): {'number': None, 'id': None, 'video': '../recordings/250/vid.mp4', 'img': None, 'match': None, 'NOTES': None, 'debug': None, 'type': None, 'note': None}
38.7561 	EXP 	Goal_reached: autoDraw = False
38.7561 	EXP 	text: autoDraw = True
39.2423 	EXP 	fixate_middle: autoDraw = True
39.2589 	EXP 	text: autoDraw = False
39.8095 	EXP 	fixate_middle: autoDraw = False
39.8095 	EXP 	text: autoDraw = False
48.7848 	EXP 	Goal_reached: autoDraw = True
49.6490 	EXP 	New trial (rep=0, index=4): {'number': None, 'id': None, 'video': '../recordings/300/vid.mp4', 'img': None, 'match': None, 'NOTES': None, 'debug': None, 'type': None, 'note': None}
49.6572 	DATA 	Keypress: n
49.6646 	EXP 	Goal_reached: autoDraw = False
49.6646 	EXP 	text: autoDraw = True
50.1481 	EXP 	fixate_middle: autoDraw = True
50.1652 	EXP 	text: autoDraw = False
50.7005 	EXP 	fixate_middle: autoDraw = False
50.7005 	EXP 	fixate_middle: autoDraw = False
50.7005 	EXP 	text: autoDraw = False
59.7042 	EXP 	Goal_reached: autoDraw = True
61.1331 	DATA 	Keypress: y
61.1420 	EXP 	New trial (rep=0, index=5): {'number': None, 'id': None, 'video': '../recordings/350/vid.mp4', 'img': None, 'match': None, 'NOTES': None, 'debug': None, 'type': None, 'note': None}
61.1602 	EXP 	Goal_reached: autoDraw = False
61.1602 	EXP 	text: autoDraw = True
61.6437 	EXP 	fixate_middle: autoDraw = True
61.6611 	EXP 	text: autoDraw = False
62.2052 	EXP 	fixate_middle: autoDraw = False
62.2052 	EXP 	text: autoDraw = False
71.1849 	EXP 	Goal_reached: autoDraw = True
72.7880 	EXP 	New trial (rep=0, index=6): {'number': None, 'id': None, 'video': '../recordings/400/vid.mp4', 'img': None, 'match': None, 'NOTES': None, 'debug': None, 'type': None, 'note': None}
72.7928 	DATA 	Keypress: y
72.8030 	EXP 	Goal_reached: autoDraw = False
72.8030 	EXP 	text: autoDraw = True
73.3004 	EXP 	fixate_middle: autoDraw = True
73.3174 	EXP 	text: autoDraw = False
73.8527 	EXP 	fixate_middle: autoDraw = False
73.8527 	EXP 	fixate_middle: autoDraw = False
73.8527 	EXP 	text: autoDraw = False
82.7916 	EXP 	Goal_reached: autoDraw = True
83.4849 	DATA 	Keypress: y
83.4964 	EXP 	New trial (rep=0, index=7): {'number': None, 'id': None, 'video': '../recordings/450/vid.mp4', 'img': None, 'match': None, 'NOTES': None, 'debug': None, 'type': None, 'note': None}
83.5117 	EXP 	Goal_reached: autoDraw = False
83.5117 	EXP 	text: autoDraw = True
83.9955 	EXP 	fixate_middle: autoDraw = True
84.0123 	EXP 	text: autoDraw = False
84.5685 	EXP 	fixate_middle: autoDraw = False
84.5685 	EXP 	fixate_middle: autoDraw = False
84.5685 	EXP 	text: autoDraw = False
93.5473 	EXP 	Goal_reached: autoDraw = True
94.3027 	EXP 	New trial (rep=0, index=8): {'number': None, 'id': None, 'video': None, 'img': None, 'match': None, 'NOTES': None, 'debug': None, 'type': None, 'note': None}
94.3107 	DATA 	Keypress: n
94.3179 	EXP 	Goal_reached: autoDraw = False
94.3179 	EXP 	text: autoDraw = True
94.8019 	EXP 	fixate_middle: autoDraw = True
94.8220 	EXP 	text: autoDraw = False
95.2993 	EXP 	window1: mouseVisible = True
